[debug] [2022-08-13T10:46:39.640Z] ----------------------------------------------------------------------
[debug] [2022-08-13T10:46:39.642Z] Command:       C:\Program Files\nodejs\node.exe C:\Users\Asus\AppData\Roaming\npm\node_modules\firebase-tools\lib\bin\firebase.js init
[debug] [2022-08-13T10:46:39.642Z] CLI Version:   11.6.0
[debug] [2022-08-13T10:46:39.642Z] Platform:      win32
[debug] [2022-08-13T10:46:39.643Z] Node Version:  v16.16.0
[debug] [2022-08-13T10:46:39.644Z] Time:          Sat Aug 13 2022 16:16:39 GMT+0530 (India Standard Time)
[debug] [2022-08-13T10:46:39.644Z] ----------------------------------------------------------------------
[debug] 
[debug] [2022-08-13T10:46:39.715Z] > command requires scopes: ["email","openid","https://www.googleapis.com/auth/cloudplatformprojects.readonly","https://www.googleapis.com/auth/firebase","https://www.googleapis.com/auth/cloud-platform"]
[debug] [2022-08-13T10:46:39.716Z] > authorizing via signed-in user (gubreley789@gmail.com)
[info] 
     ######## #### ########  ######## ########     ###     ######  ########
     ##        ##  ##     ## ##       ##     ##  ##   ##  ##       ##
     ######    ##  ########  ######   ########  #########  ######  ######
     ##        ##  ##    ##  ##       ##     ## ##     ##       ## ##
     ##       #### ##     ## ######## ########  ##     ##  ######  ########

You're about to initialize a Firebase project in this directory:

  C:\Users\Asus\OneDrive\Desktop\google-clone\google-clone

Before we get started, keep in mind:

  * You are initializing within an existing Firebase project directory

